[2022-03-07 11:40:11,231] INFO Starting the log cleaner (kafka.log.LogCleaner)
[2022-03-07 11:40:11,342] INFO [kafka-log-cleaner-thread-0]: Starting (kafka.log.LogCleaner)
[2022-03-07 17:37:27,790] INFO Starting the log cleaner (kafka.log.LogCleaner)
[2022-03-07 17:37:27,894] INFO [kafka-log-cleaner-thread-0]: Starting (kafka.log.LogCleaner)
[2022-03-10 20:16:56,584] INFO Starting the log cleaner (kafka.log.LogCleaner)
[2022-03-10 20:16:56,688] INFO [kafka-log-cleaner-thread-0]: Starting (kafka.log.LogCleaner)
[2022-03-10 20:16:58,107] INFO Shutting down the log cleaner. (kafka.log.LogCleaner)
[2022-03-10 20:16:58,108] INFO [kafka-log-cleaner-thread-0]: Shutting down (kafka.log.LogCleaner)
[2022-03-10 20:16:58,109] INFO [kafka-log-cleaner-thread-0]: Stopped (kafka.log.LogCleaner)
[2022-03-10 20:16:58,109] INFO [kafka-log-cleaner-thread-0]: Shutdown completed (kafka.log.LogCleaner)
[2022-03-10 20:18:28,686] INFO Starting the log cleaner (kafka.log.LogCleaner)
[2022-03-10 20:18:28,772] INFO [kafka-log-cleaner-thread-0]: Starting (kafka.log.LogCleaner)
[2022-03-11 08:06:47,045] INFO Starting the log cleaner (kafka.log.LogCleaner)
[2022-03-11 08:06:47,125] INFO [kafka-log-cleaner-thread-0]: Starting (kafka.log.LogCleaner)
[2022-03-11 08:06:48,509] INFO Shutting down the log cleaner. (kafka.log.LogCleaner)
[2022-03-11 08:06:48,510] INFO [kafka-log-cleaner-thread-0]: Shutting down (kafka.log.LogCleaner)
[2022-03-11 08:06:48,512] INFO [kafka-log-cleaner-thread-0]: Stopped (kafka.log.LogCleaner)
[2022-03-11 08:06:48,512] INFO [kafka-log-cleaner-thread-0]: Shutdown completed (kafka.log.LogCleaner)
[2022-03-11 08:07:32,488] INFO Starting the log cleaner (kafka.log.LogCleaner)
[2022-03-11 08:07:32,599] INFO [kafka-log-cleaner-thread-0]: Starting (kafka.log.LogCleaner)
[2022-03-11 14:04:39,004] INFO Starting the log cleaner (kafka.log.LogCleaner)
[2022-03-11 14:04:39,090] INFO [kafka-log-cleaner-thread-0]: Starting (kafka.log.LogCleaner)
[2022-03-11 14:51:35,237] INFO Starting the log cleaner (kafka.log.LogCleaner)
[2022-03-11 14:51:35,321] INFO [kafka-log-cleaner-thread-0]: Starting (kafka.log.LogCleaner)
[2022-03-11 14:51:36,716] INFO Shutting down the log cleaner. (kafka.log.LogCleaner)
[2022-03-11 14:51:36,717] INFO [kafka-log-cleaner-thread-0]: Shutting down (kafka.log.LogCleaner)
[2022-03-11 14:51:36,718] INFO [kafka-log-cleaner-thread-0]: Stopped (kafka.log.LogCleaner)
[2022-03-11 14:51:36,718] INFO [kafka-log-cleaner-thread-0]: Shutdown completed (kafka.log.LogCleaner)
[2022-03-11 14:53:50,395] INFO Starting the log cleaner (kafka.log.LogCleaner)
[2022-03-11 14:53:50,479] INFO [kafka-log-cleaner-thread-0]: Starting (kafka.log.LogCleaner)
[2022-03-21 09:42:16,643] INFO Starting the log cleaner (kafka.log.LogCleaner)
[2022-03-21 09:42:16,792] INFO [kafka-log-cleaner-thread-0]: Starting (kafka.log.LogCleaner)
[2022-03-21 09:42:18,021] INFO Shutting down the log cleaner. (kafka.log.LogCleaner)
[2022-03-21 09:42:18,021] INFO [kafka-log-cleaner-thread-0]: Shutting down (kafka.log.LogCleaner)
[2022-03-21 09:42:18,021] INFO [kafka-log-cleaner-thread-0]: Stopped (kafka.log.LogCleaner)
[2022-03-21 09:42:18,021] INFO [kafka-log-cleaner-thread-0]: Shutdown completed (kafka.log.LogCleaner)
[2022-03-21 09:42:43,167] INFO Starting the log cleaner (kafka.log.LogCleaner)
[2022-03-21 09:42:43,266] INFO [kafka-log-cleaner-thread-0]: Starting (kafka.log.LogCleaner)
[2022-03-21 09:42:58,301] INFO Cleaner 0: Beginning cleaning of log __consumer_offsets-6 (kafka.log.LogCleaner)
[2022-03-21 09:42:58,301] INFO Cleaner 0: Building offset map for __consumer_offsets-6... (kafka.log.LogCleaner)
[2022-03-21 09:42:58,321] INFO Cleaner 0: Building offset map for log __consumer_offsets-6 for 1 segments in offset range [0, 88). (kafka.log.LogCleaner)
[2022-03-21 09:42:58,341] INFO Cleaner 0: Offset map for log __consumer_offsets-6 complete. (kafka.log.LogCleaner)
[2022-03-21 09:42:58,341] INFO Cleaner 0: Cleaning log __consumer_offsets-6 (cleaning prior to Fri Mar 11 15:57:36 KST 2022, discarding tombstones prior to upper bound deletion horizon Thu Jan 01 09:00:00 KST 1970)... (kafka.log.LogCleaner)
[2022-03-21 09:42:58,351] INFO Cleaner 0: Cleaning LogSegment(baseOffset=0, size=17653, lastModifiedTime=1646981856285, largestRecordTimestamp=Some(1646981856284)) in log __consumer_offsets-6 into 0 with an upper bound deletion horizon 0 computed from the segment last modified time of 1646981856285,retaining deletes. (kafka.log.LogCleaner)
[2022-03-21 09:42:58,371] INFO Cleaner 0: Swapping in cleaned segment LogSegment(baseOffset=0, size=234, lastModifiedTime=1646981856285, largestRecordTimestamp=Some(1646981856284)) for segment(s) List(LogSegment(baseOffset=0, size=17653, lastModifiedTime=1646981856285, largestRecordTimestamp=Some(1646981856284))) in log Log(dir=C:\tmp\kafka-logs\__consumer_offsets-6, topicId=prss4D-VRt2E3EGQHAjxDA, topic=__consumer_offsets, partition=6, highWatermark=89, lastStableOffset=89, logStartOffset=0, logEndOffset=89) (kafka.log.LogCleaner)
[2022-03-21 09:42:58,411] INFO Cleaner 0: Beginning cleaning of log __consumer_offsets-6 (kafka.log.LogCleaner)
[2022-03-21 09:42:58,411] INFO Cleaner 0: Building offset map for __consumer_offsets-6... (kafka.log.LogCleaner)
[2022-03-21 09:42:58,431] INFO Cleaner 0: Building offset map for log __consumer_offsets-6 for 1 segments in offset range [0, 88). (kafka.log.LogCleaner)
[2022-03-21 09:42:58,441] INFO Cleaner 0: Offset map for log __consumer_offsets-6 complete. (kafka.log.LogCleaner)
[2022-03-21 09:42:58,441] INFO Cleaner 0: Cleaning log __consumer_offsets-6 (cleaning prior to Fri Mar 11 15:57:36 KST 2022, discarding tombstones prior to upper bound deletion horizon Thu Jan 01 09:00:00 KST 1970)... (kafka.log.LogCleaner)
[2022-03-21 09:42:58,441] INFO Cleaner 0: Cleaning LogSegment(baseOffset=0, size=17653, lastModifiedTime=1646981856285, largestRecordTimestamp=Some(1646981856284)) in log __consumer_offsets-6 into 0 with an upper bound deletion horizon 0 computed from the segment last modified time of 1646981856285,retaining deletes. (kafka.log.LogCleaner)
[2022-03-21 09:43:26,055] INFO Starting the log cleaner (kafka.log.LogCleaner)
[2022-03-21 09:43:26,153] INFO [kafka-log-cleaner-thread-0]: Starting (kafka.log.LogCleaner)
[2022-03-21 09:43:27,288] INFO Shutting down the log cleaner. (kafka.log.LogCleaner)
[2022-03-21 09:43:27,288] INFO [kafka-log-cleaner-thread-0]: Shutting down (kafka.log.LogCleaner)
[2022-03-21 09:43:27,289] INFO [kafka-log-cleaner-thread-0]: Stopped (kafka.log.LogCleaner)
[2022-03-21 09:43:27,290] INFO [kafka-log-cleaner-thread-0]: Shutdown completed (kafka.log.LogCleaner)
[2022-03-21 09:52:06,158] INFO Starting the log cleaner (kafka.log.LogCleaner)
[2022-03-21 09:52:06,251] INFO [kafka-log-cleaner-thread-0]: Starting (kafka.log.LogCleaner)
[2022-03-21 09:52:21,295] INFO Cleaner 0: Beginning cleaning of log __consumer_offsets-6 (kafka.log.LogCleaner)
[2022-03-21 09:52:21,296] INFO Cleaner 0: Building offset map for __consumer_offsets-6... (kafka.log.LogCleaner)
[2022-03-21 09:52:21,320] INFO Cleaner 0: Building offset map for log __consumer_offsets-6 for 1 segments in offset range [0, 88). (kafka.log.LogCleaner)
[2022-03-21 09:52:21,335] INFO Cleaner 0: Offset map for log __consumer_offsets-6 complete. (kafka.log.LogCleaner)
[2022-03-21 09:52:21,336] INFO Cleaner 0: Cleaning log __consumer_offsets-6 (cleaning prior to Fri Mar 11 15:57:36 KST 2022, discarding tombstones prior to upper bound deletion horizon Thu Jan 01 09:00:00 KST 1970)... (kafka.log.LogCleaner)
[2022-03-21 09:52:21,341] INFO Cleaner 0: Cleaning LogSegment(baseOffset=0, size=17653, lastModifiedTime=1646981856285, largestRecordTimestamp=Some(1646981856284)) in log __consumer_offsets-6 into 0 with an upper bound deletion horizon 0 computed from the segment last modified time of 1646981856285,retaining deletes. (kafka.log.LogCleaner)
[2022-03-21 09:52:21,370] INFO Cleaner 0: Swapping in cleaned segment LogSegment(baseOffset=0, size=234, lastModifiedTime=1646981856285, largestRecordTimestamp=Some(1646981856284)) for segment(s) List(LogSegment(baseOffset=0, size=17653, lastModifiedTime=1646981856285, largestRecordTimestamp=Some(1646981856284))) in log Log(dir=C:\tmp\kafka-logs\__consumer_offsets-6, topicId=prss4D-VRt2E3EGQHAjxDA, topic=__consumer_offsets, partition=6, highWatermark=89, lastStableOffset=89, logStartOffset=0, logEndOffset=89) (kafka.log.LogCleaner)
[2022-03-21 09:52:21,390] INFO Cleaner 0: Beginning cleaning of log __consumer_offsets-6 (kafka.log.LogCleaner)
[2022-03-21 09:52:21,390] INFO Cleaner 0: Building offset map for __consumer_offsets-6... (kafka.log.LogCleaner)
[2022-03-22 14:33:27,956] INFO Starting the log cleaner (kafka.log.LogCleaner)
[2022-03-22 14:33:28,073] INFO [kafka-log-cleaner-thread-0]: Starting (kafka.log.LogCleaner)
[2022-03-22 14:33:43,119] INFO Cleaner 0: Beginning cleaning of log __consumer_offsets-6 (kafka.log.LogCleaner)
[2022-03-22 14:33:43,120] INFO Cleaner 0: Building offset map for __consumer_offsets-6... (kafka.log.LogCleaner)
[2022-03-22 14:33:43,151] INFO Cleaner 0: Building offset map for log __consumer_offsets-6 for 1 segments in offset range [0, 88). (kafka.log.LogCleaner)
[2022-03-22 14:33:43,176] INFO Cleaner 0: Offset map for log __consumer_offsets-6 complete. (kafka.log.LogCleaner)
[2022-03-22 14:33:43,178] INFO Cleaner 0: Cleaning log __consumer_offsets-6 (cleaning prior to Fri Mar 11 15:57:36 KST 2022, discarding tombstones prior to upper bound deletion horizon Thu Jan 01 09:00:00 KST 1970)... (kafka.log.LogCleaner)
[2022-03-22 14:33:43,185] INFO Cleaner 0: Cleaning LogSegment(baseOffset=0, size=17653, lastModifiedTime=1646981856285, largestRecordTimestamp=Some(1646981856284)) in log __consumer_offsets-6 into 0 with an upper bound deletion horizon 0 computed from the segment last modified time of 1646981856285,retaining deletes. (kafka.log.LogCleaner)
[2022-03-22 14:33:43,210] INFO Cleaner 0: Swapping in cleaned segment LogSegment(baseOffset=0, size=234, lastModifiedTime=1646981856285, largestRecordTimestamp=Some(1646981856284)) for segment(s) List(LogSegment(baseOffset=0, size=17653, lastModifiedTime=1646981856285, largestRecordTimestamp=Some(1646981856284))) in log Log(dir=C:\tmp\kafka-logs\__consumer_offsets-6, topicId=prss4D-VRt2E3EGQHAjxDA, topic=__consumer_offsets, partition=6, highWatermark=89, lastStableOffset=89, logStartOffset=0, logEndOffset=89) (kafka.log.LogCleaner)
[2022-03-22 14:33:43,238] INFO Cleaner 0: Beginning cleaning of log __consumer_offsets-6 (kafka.log.LogCleaner)
[2022-03-22 14:33:43,238] INFO Cleaner 0: Building offset map for __consumer_offsets-6... (kafka.log.LogCleaner)
[2022-03-22 14:33:43,257] INFO Cleaner 0: Building offset map for log __consumer_offsets-6 for 1 segments in offset range [0, 88). (kafka.log.LogCleaner)
[2022-03-22 14:33:43,266] INFO Cleaner 0: Offset map for log __consumer_offsets-6 complete. (kafka.log.LogCleaner)
[2022-03-22 14:33:43,266] INFO Cleaner 0: Cleaning log __consumer_offsets-6 (cleaning prior to Fri Mar 11 15:57:36 KST 2022, discarding tombstones prior to upper bound deletion horizon Thu Jan 01 09:00:00 KST 1970)... (kafka.log.LogCleaner)
[2022-03-22 14:33:52,366] INFO Starting the log cleaner (kafka.log.LogCleaner)
[2022-03-22 14:33:52,455] INFO [kafka-log-cleaner-thread-0]: Starting (kafka.log.LogCleaner)
[2022-03-22 14:33:53,798] INFO Shutting down the log cleaner. (kafka.log.LogCleaner)
[2022-03-22 14:33:53,799] INFO [kafka-log-cleaner-thread-0]: Shutting down (kafka.log.LogCleaner)
[2022-03-22 14:33:53,800] INFO [kafka-log-cleaner-thread-0]: Stopped (kafka.log.LogCleaner)
[2022-03-22 14:33:53,801] INFO [kafka-log-cleaner-thread-0]: Shutdown completed (kafka.log.LogCleaner)
[2022-03-22 14:34:16,821] INFO Starting the log cleaner (kafka.log.LogCleaner)
[2022-03-22 14:34:16,910] INFO [kafka-log-cleaner-thread-0]: Starting (kafka.log.LogCleaner)
[2022-03-22 14:34:31,970] INFO Cleaner 0: Beginning cleaning of log __consumer_offsets-6 (kafka.log.LogCleaner)
[2022-03-22 14:34:31,970] INFO Cleaner 0: Building offset map for __consumer_offsets-6... (kafka.log.LogCleaner)
[2022-03-22 14:34:31,997] INFO Cleaner 0: Building offset map for log __consumer_offsets-6 for 1 segments in offset range [0, 88). (kafka.log.LogCleaner)
[2022-03-22 14:34:32,016] INFO Cleaner 0: Offset map for log __consumer_offsets-6 complete. (kafka.log.LogCleaner)
[2022-03-22 14:34:32,017] INFO Cleaner 0: Cleaning log __consumer_offsets-6 (cleaning prior to Fri Mar 11 15:57:36 KST 2022, discarding tombstones prior to upper bound deletion horizon Thu Jan 01 09:00:00 KST 1970)... (kafka.log.LogCleaner)
[2022-03-22 14:34:32,022] INFO Cleaner 0: Cleaning LogSegment(baseOffset=0, size=17653, lastModifiedTime=1646981856285, largestRecordTimestamp=Some(1646981856284)) in log __consumer_offsets-6 into 0 with an upper bound deletion horizon 0 computed from the segment last modified time of 1646981856285,retaining deletes. (kafka.log.LogCleaner)
[2022-03-22 14:34:32,051] INFO Cleaner 0: Swapping in cleaned segment LogSegment(baseOffset=0, size=234, lastModifiedTime=1646981856285, largestRecordTimestamp=Some(1646981856284)) for segment(s) List(LogSegment(baseOffset=0, size=17653, lastModifiedTime=1646981856285, largestRecordTimestamp=Some(1646981856284))) in log Log(dir=C:\tmp\kafka-logs\__consumer_offsets-6, topicId=prss4D-VRt2E3EGQHAjxDA, topic=__consumer_offsets, partition=6, highWatermark=89, lastStableOffset=89, logStartOffset=0, logEndOffset=89) (kafka.log.LogCleaner)
[2022-03-22 14:34:32,079] INFO Cleaner 0: Beginning cleaning of log __consumer_offsets-6 (kafka.log.LogCleaner)
[2022-03-22 14:34:32,079] INFO Cleaner 0: Building offset map for __consumer_offsets-6... (kafka.log.LogCleaner)
[2022-03-22 14:34:32,110] INFO Cleaner 0: Building offset map for log __consumer_offsets-6 for 1 segments in offset range [0, 88). (kafka.log.LogCleaner)
[2022-03-22 14:34:32,113] INFO Cleaner 0: Offset map for log __consumer_offsets-6 complete. (kafka.log.LogCleaner)
[2022-03-22 14:34:32,114] INFO Cleaner 0: Cleaning log __consumer_offsets-6 (cleaning prior to Fri Mar 11 15:57:36 KST 2022, discarding tombstones prior to upper bound deletion horizon Thu Jan 01 09:00:00 KST 1970)... (kafka.log.LogCleaner)
[2022-03-22 14:34:32,152] INFO Cleaner 0: Beginning cleaning of log __consumer_offsets-6 (kafka.log.LogCleaner)
[2022-03-22 14:34:32,153] INFO Cleaner 0: Building offset map for __consumer_offsets-6... (kafka.log.LogCleaner)
[2022-03-22 14:34:32,173] INFO Cleaner 0: Building offset map for log __consumer_offsets-6 for 1 segments in offset range [0, 88). (kafka.log.LogCleaner)
[2022-03-22 14:34:32,195] INFO Cleaner 0: Offset map for log __consumer_offsets-6 complete. (kafka.log.LogCleaner)
[2022-03-22 14:34:32,195] INFO Cleaner 0: Cleaning log __consumer_offsets-6 (cleaning prior to Fri Mar 11 15:57:36 KST 2022, discarding tombstones prior to upper bound deletion horizon Thu Jan 01 09:00:00 KST 1970)... (kafka.log.LogCleaner)
[2022-03-22 14:36:13,861] INFO Starting the log cleaner (kafka.log.LogCleaner)
[2022-03-22 14:36:13,954] INFO [kafka-log-cleaner-thread-0]: Starting (kafka.log.LogCleaner)
[2022-03-22 17:49:31,843] INFO Starting the log cleaner (kafka.log.LogCleaner)
[2022-03-22 17:49:31,945] INFO [kafka-log-cleaner-thread-0]: Starting (kafka.log.LogCleaner)
[2022-03-22 17:49:33,377] INFO Shutting down the log cleaner. (kafka.log.LogCleaner)
[2022-03-22 17:49:33,377] INFO [kafka-log-cleaner-thread-0]: Shutting down (kafka.log.LogCleaner)
[2022-03-22 17:49:33,379] INFO [kafka-log-cleaner-thread-0]: Stopped (kafka.log.LogCleaner)
[2022-03-22 17:49:33,379] INFO [kafka-log-cleaner-thread-0]: Shutdown completed (kafka.log.LogCleaner)
[2022-03-22 17:51:03,445] INFO Starting the log cleaner (kafka.log.LogCleaner)
[2022-03-22 17:51:03,533] INFO [kafka-log-cleaner-thread-0]: Starting (kafka.log.LogCleaner)
[2022-04-06 18:25:19,479] INFO Starting the log cleaner (kafka.log.LogCleaner)
[2022-04-06 18:25:19,577] INFO [kafka-log-cleaner-thread-0]: Starting (kafka.log.LogCleaner)
[2022-04-06 18:25:21,296] INFO Shutting down the log cleaner. (kafka.log.LogCleaner)
[2022-04-06 18:25:21,296] INFO [kafka-log-cleaner-thread-0]: Shutting down (kafka.log.LogCleaner)
[2022-04-06 18:25:21,298] INFO [kafka-log-cleaner-thread-0]: Stopped (kafka.log.LogCleaner)
[2022-04-06 18:25:21,298] INFO [kafka-log-cleaner-thread-0]: Shutdown completed (kafka.log.LogCleaner)
[2022-04-06 18:25:40,714] INFO Starting the log cleaner (kafka.log.LogCleaner)
[2022-04-06 18:25:40,802] INFO [kafka-log-cleaner-thread-0]: Starting (kafka.log.LogCleaner)
[2022-04-06 18:26:23,278] INFO Starting the log cleaner (kafka.log.LogCleaner)
[2022-04-06 18:26:23,372] INFO [kafka-log-cleaner-thread-0]: Starting (kafka.log.LogCleaner)
[2022-04-06 18:26:24,476] INFO Shutting down the log cleaner. (kafka.log.LogCleaner)
[2022-04-06 18:26:24,476] INFO [kafka-log-cleaner-thread-0]: Shutting down (kafka.log.LogCleaner)
[2022-04-06 18:26:24,478] INFO [kafka-log-cleaner-thread-0]: Stopped (kafka.log.LogCleaner)
[2022-04-06 18:26:24,478] INFO [kafka-log-cleaner-thread-0]: Shutdown completed (kafka.log.LogCleaner)
[2022-04-06 18:27:32,467] INFO Starting the log cleaner (kafka.log.LogCleaner)
[2022-04-06 18:27:32,562] INFO [kafka-log-cleaner-thread-0]: Starting (kafka.log.LogCleaner)
[2022-04-07 07:50:21,690] INFO Shutting down the log cleaner. (kafka.log.LogCleaner)
[2022-04-07 07:50:21,754] INFO [kafka-log-cleaner-thread-0]: Shutting down (kafka.log.LogCleaner)
[2022-04-07 07:50:21,754] INFO [kafka-log-cleaner-thread-0]: Stopped (kafka.log.LogCleaner)
[2022-04-07 07:50:21,756] INFO [kafka-log-cleaner-thread-0]: Shutdown completed (kafka.log.LogCleaner)
[2022-04-07 09:16:31,835] INFO Starting the log cleaner (kafka.log.LogCleaner)
[2022-04-07 09:16:31,938] INFO [kafka-log-cleaner-thread-0]: Starting (kafka.log.LogCleaner)
[2022-04-11 09:04:10,553] INFO Starting the log cleaner (kafka.log.LogCleaner)
[2022-04-11 09:04:10,650] INFO [kafka-log-cleaner-thread-0]: Starting (kafka.log.LogCleaner)
[2022-04-11 10:00:36,545] INFO Starting the log cleaner (kafka.log.LogCleaner)
[2022-04-11 10:00:36,704] INFO [kafka-log-cleaner-thread-0]: Starting (kafka.log.LogCleaner)
[2022-04-11 10:00:38,037] INFO Shutting down the log cleaner. (kafka.log.LogCleaner)
[2022-04-11 10:00:38,038] INFO [kafka-log-cleaner-thread-0]: Shutting down (kafka.log.LogCleaner)
[2022-04-11 10:00:38,039] INFO [kafka-log-cleaner-thread-0]: Stopped (kafka.log.LogCleaner)
[2022-04-11 10:00:38,039] INFO [kafka-log-cleaner-thread-0]: Shutdown completed (kafka.log.LogCleaner)
[2022-04-11 10:00:49,664] INFO Starting the log cleaner (kafka.log.LogCleaner)
[2022-04-11 10:00:49,756] INFO [kafka-log-cleaner-thread-0]: Starting (kafka.log.LogCleaner)
[2022-04-11 17:42:24,232] INFO Starting the log cleaner (kafka.log.LogCleaner)
[2022-04-11 17:42:24,334] INFO [kafka-log-cleaner-thread-0]: Starting (kafka.log.LogCleaner)
[2022-04-11 17:42:25,749] INFO Shutting down the log cleaner. (kafka.log.LogCleaner)
[2022-04-11 17:42:25,749] INFO [kafka-log-cleaner-thread-0]: Shutting down (kafka.log.LogCleaner)
[2022-04-11 17:42:25,751] INFO [kafka-log-cleaner-thread-0]: Stopped (kafka.log.LogCleaner)
[2022-04-11 17:42:25,751] INFO [kafka-log-cleaner-thread-0]: Shutdown completed (kafka.log.LogCleaner)
[2022-04-11 17:55:29,760] INFO Starting the log cleaner (kafka.log.LogCleaner)
[2022-04-11 17:55:29,857] INFO [kafka-log-cleaner-thread-0]: Starting (kafka.log.LogCleaner)
[2022-04-13 21:08:07,861] INFO Starting the log cleaner (kafka.log.LogCleaner)
[2022-04-13 21:08:08,136] INFO [kafka-log-cleaner-thread-0]: Starting (kafka.log.LogCleaner)
[2022-04-13 21:08:23,224] INFO Cleaner 0: Beginning cleaning of log __consumer_offsets-5 (kafka.log.LogCleaner)
[2022-04-13 21:08:23,224] INFO Cleaner 0: Building offset map for __consumer_offsets-5... (kafka.log.LogCleaner)
[2022-04-13 21:08:23,245] INFO Cleaner 0: Building offset map for log __consumer_offsets-5 for 1 segments in offset range [0, 224). (kafka.log.LogCleaner)
[2022-04-13 21:08:23,267] INFO Cleaner 0: Offset map for log __consumer_offsets-5 complete. (kafka.log.LogCleaner)
[2022-04-13 21:08:23,268] INFO Cleaner 0: Cleaning log __consumer_offsets-5 (cleaning prior to Mon Apr 11 21:16:28 KST 2022, discarding tombstones prior to upper bound deletion horizon Thu Jan 01 09:00:00 KST 1970)... (kafka.log.LogCleaner)
[2022-04-13 21:08:23,271] INFO Cleaner 0: Cleaning LogSegment(baseOffset=0, size=43199, lastModifiedTime=1649679388749, largestRecordTimestamp=Some(1649679388748)) in log __consumer_offsets-5 into 0 with an upper bound deletion horizon 0 computed from the segment last modified time of 1649679388749,retaining deletes. (kafka.log.LogCleaner)
[2022-04-13 21:08:23,299] INFO Cleaner 0: Swapping in cleaned segment LogSegment(baseOffset=0, size=738, lastModifiedTime=1649679388749, largestRecordTimestamp=Some(1649679388748)) for segment(s) List(LogSegment(baseOffset=0, size=43199, lastModifiedTime=1649679388749, largestRecordTimestamp=Some(1649679388748))) in log Log(dir=C:\var2\kafka-logs\__consumer_offsets-5, topicId=prss4D-VRt2E3EGQHAjxDA, topic=__consumer_offsets, partition=5, highWatermark=227, lastStableOffset=227, logStartOffset=0, logEndOffset=227) (kafka.log.LogCleaner)
[2022-04-13 21:08:23,323] INFO Cleaner 0: Beginning cleaning of log __consumer_offsets-5 (kafka.log.LogCleaner)
[2022-04-13 21:08:23,323] INFO Cleaner 0: Building offset map for __consumer_offsets-5... (kafka.log.LogCleaner)
[2022-04-13 21:08:23,345] INFO Cleaner 0: Building offset map for log __consumer_offsets-5 for 1 segments in offset range [0, 224). (kafka.log.LogCleaner)
[2022-04-13 21:08:23,353] INFO Cleaner 0: Offset map for log __consumer_offsets-5 complete. (kafka.log.LogCleaner)
[2022-04-13 21:08:23,353] INFO Cleaner 0: Cleaning log __consumer_offsets-5 (cleaning prior to Mon Apr 11 21:16:28 KST 2022, discarding tombstones prior to upper bound deletion horizon Thu Jan 01 09:00:00 KST 1970)... (kafka.log.LogCleaner)
[2022-04-13 21:08:37,101] INFO Starting the log cleaner (kafka.log.LogCleaner)
[2022-04-13 21:08:37,197] INFO [kafka-log-cleaner-thread-0]: Starting (kafka.log.LogCleaner)
[2022-04-13 21:08:38,602] INFO Shutting down the log cleaner. (kafka.log.LogCleaner)
[2022-04-13 21:08:38,603] INFO [kafka-log-cleaner-thread-0]: Shutting down (kafka.log.LogCleaner)
[2022-04-13 21:08:38,605] INFO [kafka-log-cleaner-thread-0]: Stopped (kafka.log.LogCleaner)
[2022-04-13 21:08:38,605] INFO [kafka-log-cleaner-thread-0]: Shutdown completed (kafka.log.LogCleaner)
[2022-04-13 21:09:22,165] INFO Starting the log cleaner (kafka.log.LogCleaner)
[2022-04-13 21:09:22,285] INFO [kafka-log-cleaner-thread-0]: Starting (kafka.log.LogCleaner)
[2022-04-20 11:58:40,360] INFO Starting the log cleaner (kafka.log.LogCleaner)
[2022-04-20 11:58:40,461] INFO [kafka-log-cleaner-thread-0]: Starting (kafka.log.LogCleaner)
[2022-04-20 11:58:41,897] INFO Shutting down the log cleaner. (kafka.log.LogCleaner)
[2022-04-20 11:58:41,897] INFO [kafka-log-cleaner-thread-0]: Shutting down (kafka.log.LogCleaner)
[2022-04-20 11:58:41,900] INFO [kafka-log-cleaner-thread-0]: Stopped (kafka.log.LogCleaner)
[2022-04-20 11:58:41,900] INFO [kafka-log-cleaner-thread-0]: Shutdown completed (kafka.log.LogCleaner)
[2022-04-20 11:58:56,119] INFO Starting the log cleaner (kafka.log.LogCleaner)
[2022-04-20 11:58:56,199] INFO [kafka-log-cleaner-thread-0]: Starting (kafka.log.LogCleaner)
[2022-04-21 09:16:51,449] INFO Cleaner 0: Beginning cleaning of log __consumer_offsets-5 (kafka.log.LogCleaner)
[2022-04-21 09:16:51,455] INFO Cleaner 0: Building offset map for __consumer_offsets-5... (kafka.log.LogCleaner)
[2022-04-21 09:16:51,567] INFO Cleaner 0: Building offset map for log __consumer_offsets-5 for 1 segments in offset range [0, 36). (kafka.log.LogCleaner)
[2022-04-21 09:16:51,598] INFO Cleaner 0: Offset map for log __consumer_offsets-5 complete. (kafka.log.LogCleaner)
[2022-04-21 09:16:51,599] INFO Cleaner 0: Cleaning log __consumer_offsets-5 (cleaning prior to Wed Apr 20 18:13:13 KST 2022, discarding tombstones prior to upper bound deletion horizon Thu Jan 01 09:00:00 KST 1970)... (kafka.log.LogCleaner)
[2022-04-21 09:16:51,604] INFO Cleaner 0: Cleaning LogSegment(baseOffset=0, size=6610, lastModifiedTime=1650445993154, largestRecordTimestamp=Some(1650445993153)) in log __consumer_offsets-5 into 0 with an upper bound deletion horizon 0 computed from the segment last modified time of 1650445993154,retaining deletes. (kafka.log.LogCleaner)
[2022-04-21 09:16:51,625] INFO Cleaner 0: Swapping in cleaned segment LogSegment(baseOffset=0, size=1296, lastModifiedTime=1650445993154, largestRecordTimestamp=Some(1650445993153)) for segment(s) List(LogSegment(baseOffset=0, size=6610, lastModifiedTime=1650445993154, largestRecordTimestamp=Some(1650445993153))) in log Log(dir=C:\var3\kafka-logs\__consumer_offsets-5, topicId=prss4D-VRt2E3EGQHAjxDA, topic=__consumer_offsets, partition=5, highWatermark=37, lastStableOffset=37, logStartOffset=0, logEndOffset=37) (kafka.log.LogCleaner)
[2022-04-21 09:16:51,655] INFO Cleaner 0: Beginning cleaning of log __consumer_offsets-5 (kafka.log.LogCleaner)
[2022-04-21 09:16:51,655] INFO Cleaner 0: Building offset map for __consumer_offsets-5... (kafka.log.LogCleaner)
[2022-04-21 09:16:51,698] INFO Cleaner 0: Building offset map for log __consumer_offsets-5 for 1 segments in offset range [0, 36). (kafka.log.LogCleaner)
